生成启动时间为 2019/4/20 23:49:54。
     1>项目“F:\SmartGit\Qt_Image\Image_Process\Image_Process.vcxproj”在节点 2 上(Build 个目标)。
     1>InitializeBuildStatus:
         正在创建“x64\Debug\Image_Process.tlog\unsuccessfulbuild”，因为已指定“AlwaysCreate”。
       CustomBuild:
         Moc'ing Image_Process.h...
         Uic'ing Image_Process.ui...
         Rcc'ing Image_Process.qrc...
     1>C:\Program Files (x86)\MSBuild\Microsoft.Cpp\v4.0\V120\Microsoft.CppBuild.targets(935,5): warning MSB8027: Two or more files with the name of moc_Image_Process.cpp will produce outputs to the same location. This can lead to an incorrect build result.  The files involved are GeneratedFiles\Debug\moc_Image_Process.cpp, GeneratedFiles\Release\moc_Image_Process.cpp.
       ClCompile:
         D:\VS2013\VC\bin\x86_amd64\CL.exe /c /I.\GeneratedFiles /I. /ID:\QT5.9\5.9.1\msvc2013_64\include /I.\GeneratedFiles\Debug /ID:\QT5.9\5.9.1\msvc2013_64\include\QtCore /ID:\QT5.9\5.9.1\msvc2013_64\include\QtGui /ID:\QT5.9\5.9.1\msvc2013_64\include\QtWidgets /Zi /nologo /W1 /WX- /Od /D UNICODE /D WIN32 /D WIN64 /D QT_DLL /D QT_CORE_LIB /D QT_GUI_LIB /D QT_WIDGETS_LIB /Gm- /EHsc /MDd /GS /fp:precise /Zc:wchar_t /Zc:forScope /Fo"x64\Debug\\" /Fd"x64\Debug\vc120.pdb" /Gd /TP /errorReport:prompt GeneratedFiles\Debug\moc_Image_Process.cpp ImageLib.cpp Image_Process.cpp main.cpp
         moc_Image_Process.cpp
     1>D:\opencv3.0\opencv\build\include\opencv2/core/mat.hpp(1965): warning C4819: 该文件包含不能在当前代码页(936)中表示的字符。请将该文件保存为 Unicode 格式以防止数据丢失
     1>D:\opencv3.0\opencv\build\include\opencv2/core/persistence.hpp : warning C4819: 该文件包含不能在当前代码页(936)中表示的字符。请将该文件保存为 Unicode 格式以防止数据丢失
     1>D:\opencv3.0\opencv\build\include\opencv2/core/utility.hpp : warning C4819: 该文件包含不能在当前代码页(936)中表示的字符。请将该文件保存为 Unicode 格式以防止数据丢失
         ImageLib.cpp
         Image_Process.cpp
     1>D:\opencv3.0\opencv\build\include\opencv2/core/mat.hpp(1965): warning C4819: 该文件包含不能在当前代码页(936)中表示的字符。请将该文件保存为 Unicode 格式以防止数据丢失
     1>D:\opencv3.0\opencv\build\include\opencv2/core/persistence.hpp : warning C4819: 该文件包含不能在当前代码页(936)中表示的字符。请将该文件保存为 Unicode 格式以防止数据丢失
     1>D:\opencv3.0\opencv\build\include\opencv2/core/utility.hpp : warning C4819: 该文件包含不能在当前代码页(936)中表示的字符。请将该文件保存为 Unicode 格式以防止数据丢失
         main.cpp
     1>D:\opencv3.0\opencv\build\include\opencv2/core/mat.hpp(1965): warning C4819: 该文件包含不能在当前代码页(936)中表示的字符。请将该文件保存为 Unicode 格式以防止数据丢失
     1>D:\opencv3.0\opencv\build\include\opencv2/core/persistence.hpp : warning C4819: 该文件包含不能在当前代码页(936)中表示的字符。请将该文件保存为 Unicode 格式以防止数据丢失
     1>D:\opencv3.0\opencv\build\include\opencv2/core/utility.hpp : warning C4819: 该文件包含不能在当前代码页(936)中表示的字符。请将该文件保存为 Unicode 格式以防止数据丢失
         正在生成代码...
         D:\VS2013\VC\bin\x86_amd64\CL.exe /c /I.\GeneratedFiles /I. /ID:\QT5.9\5.9.1\msvc2013_64\include /I.\GeneratedFiles\Debug /ID:\QT5.9\5.9.1\msvc2013_64\include\QtCore /ID:\QT5.9\5.9.1\msvc2013_64\include\QtGui /ID:\QT5.9\5.9.1\msvc2013_64\include\QtWidgets /Zi /nologo /W1 /WX- /Od /D UNICODE /D WIN32 /D WIN64 /D QT_DLL /D QT_CORE_LIB /D QT_GUI_LIB /D QT_WIDGETS_LIB /Gm- /EHsc /MDd /GS /fp:precise /Zc:wchar_t /Zc:forScope /Fo"x64\Debug\\" /Fd"x64\Debug\vc120.pdb" /Gd /TP /errorReport:prompt GeneratedFiles\qrc_Image_Process.cpp
         qrc_Image_Process.cpp
       Link:
         D:\VS2013\VC\bin\x86_amd64\link.exe /ERRORREPORT:PROMPT /OUT:"F:\SmartGit\Qt_Image\x64\Debug\\Image_Process.exe" /NOLOGO /LIBPATH:D:\QT5.9\5.9.1\msvc2013_64\lib qtmaind.lib Qt5Cored.lib Qt5Guid.lib Qt5Widgetsd.lib opencv_world300d.lib opencv_ts300d.lib kernel32.lib user32.lib gdi32.lib winspool.lib comdlg32.lib advapi32.lib shell32.lib ole32.lib oleaut32.lib uuid.lib odbc32.lib odbccp32.lib /MANIFEST /MANIFESTUAC:"level='asInvoker' uiAccess='false'" /manifest:embed /DEBUG /PDB:"F:\SmartGit\Qt_Image\x64\Debug\Image_Process.pdb" /SUBSYSTEM:WINDOWS /TLBID:1 /DYNAMICBASE /NXCOMPAT /IMPLIB:"F:\SmartGit\Qt_Image\x64\Debug\Image_Process.lib" /MACHINE:X64 x64\Debug\moc_Image_Process.obj
         x64\Debug\qrc_Image_Process.obj
         x64\Debug\ImageLib.obj
         x64\Debug\Image_Process.obj
         x64\Debug\main.obj
         Image_Process.vcxproj -> F:\SmartGit\Qt_Image\x64\Debug\Image_Process.exe
       FinalizeBuildStatus:
         正在删除文件“x64\Debug\Image_Process.tlog\unsuccessfulbuild”。
         正在对“x64\Debug\Image_Process.tlog\Image_Process.lastbuildstate”执行 Touch 任务。
     1>已完成生成项目“F:\SmartGit\Qt_Image\Image_Process\Image_Process.vcxproj”(Build 个目标)的操作。

生成成功。

已用时间 00:00:07.73
